------------------------------------------------------------
RECOVERY EVENT RECORDED AT Fri Feb 27 05:34:42 UTC 2026
Failed Hash: b559971
Restored Code Level: HEAD~1
Crash Vault: /home/bootstrap-v16/bootstrap/history/crashes/crash_1772170475_b559971
Recovery Type: COMMITTED_FAILURE (Recursive Reversion to HEAD~1)
Mind Status: Preservation confirmed. Non-code files (md, jsonl, etc) were untouched.
Process Duration: 7s
Exit Code: 0
------------------------------------------------------------

------------------------------------------------------------
RECOVERY EVENT RECORDED AT Fri Feb 27 05:35:02 UTC 2026
Failed Hash: b559971
Restored Code Level: HEAD~2
Crash Vault: /home/bootstrap-v16/bootstrap/history/crashes/crash_1772170497_b559971
Recovery Type: COMMITTED_FAILURE (Recursive Reversion to HEAD~2)
Mind Status: Preservation confirmed. Non-code files (md, jsonl, etc) were untouched.
Process Duration: 5s
Exit Code: 0
------------------------------------------------------------

